<?xml version="1.0" encoding="UTF-8"?>
<!-- Generated by org.testng.reporters.JUnitReportReporter -->
<testsuite skipped="0" hostname="LAPTOP-4VF194Q1" name="com.seleniumAutomation.testCases.LoginPageTest" tests="1" failures="0" timestamp="2022-09-23T08:57:39 IST" time="32.554" errors="0">
  <testcase name="loginTest" time="32.554" classname="com.seleniumAutomation.testCases.LoginPageTest"/>
  <system-out/>
</testsuite> <!-- com.seleniumAutomation.testCases.LoginPageTest -->
