<?xml version="1.0" encoding="UTF-8"?>
<!-- Generated by org.testng.reporters.JUnitReportReporter -->
<testsuite skipped="0" hostname="LAPTOP-4VF194Q1" name="com.seleniumAutomation.testCases.OrderPageTest" tests="1" failures="0" timestamp="2022-09-23T08:57:39 IST" time="48.987" errors="0">
  <testcase name="verifyTotalPrice" time="48.987" classname="com.seleniumAutomation.testCases.OrderPageTest"/>
  <system-out/>
</testsuite> <!-- com.seleniumAutomation.testCases.OrderPageTest -->
