<?xml version="1.0" encoding="UTF-8"?>
<!-- Generated by org.testng.reporters.JUnitReportReporter -->
<testsuite skipped="0" hostname="LAPTOP-4VF194Q1" name="com.seleniumAutomation.base.BaseClass" tests="1" failures="0" timestamp="2022-09-20T17:15:23 IST" time="0.008" errors="0">
  <testcase name="loadConfig" time="0.008" classname="com.seleniumAutomation.base.BaseClass"/>
  <system-out/>
</testsuite> <!-- com.seleniumAutomation.base.BaseClass -->
