<?xml version="1.0" encoding="UTF-8"?>
<!-- Generated by org.testng.reporters.JUnitReportReporter -->
<testsuite skipped="0" hostname="LAPTOP-4VF194Q1" name="com.seleniumAutomation.testCases.IndexPageTest" tests="2" failures="0" timestamp="2022-09-23T08:57:39 IST" time="66.468" errors="0">
  <testcase name="verifyTitle" time="44.821" classname="com.seleniumAutomation.testCases.IndexPageTest"/>
  <system-out/>
  <testcase name="verifyLogo" time="21.647" classname="com.seleniumAutomation.testCases.IndexPageTest"/>
  <system-out/>
</testsuite> <!-- com.seleniumAutomation.testCases.IndexPageTest -->
